<?xml version="1.0" encoding="UTF-8"?>
<!-- Generated by org.testng.reporters.JUnitReportReporter -->
<testsuite hostname="YERRA" failures="0" tests="1" name="NewNgtest" time="19.617" errors="0" timestamp="17 Aug 2018 19:10:24 GMT" skipped="0">
  <testcase classname="NewNgtest" name="f" time="19.617"/>
</testsuite> <!-- NewNgtest -->
